<?xml version="1.0" encoding="UTF-8"?>
<!-- Generated by org.testng.reporters.JUnitReportReporter -->
<testsuite skipped="0" hostname="TYSS-Prem" name="testscript.TC" tests="1" failures="0" timestamp="2021-12-10T15:06:02 IST" time="0.005" errors="0">
  <testcase name="enterFirstName" time="0.005" classname="testscript.TC"/>
  <system-out/>
</testsuite> <!-- testscript.TC -->
