<?xml version="1.0" encoding="UTF-8"?>
<!-- Generated by org.testng.reporters.JUnitReportReporter -->
<testsuite skipped="0" hostname="TYSS-Prem" name="testscripts.TC_01_ClickOnInvestnow" tests="1" failures="0" timestamp="2021-12-10T16:16:01 IST" time="0.078" errors="0">
  <testcase name="enterFirstName" time="0.078" classname="testscripts.TC_01_ClickOnInvestnow"/>
  <system-out/>
</testsuite> <!-- testscripts.TC_01_ClickOnInvestnow -->
