<?xml version="1.0" encoding="UTF-8"?>
<!-- Generated by org.testng.reporters.JUnitReportReporter -->
<testsuite skipped="0" hostname="TYSS-Prem" name="testscripts.TC_06_EnterFirstNameWithSpaces" tests="1" failures="0" timestamp="2021-12-10T16:13:13 IST" time="2.194" errors="0">
  <testcase name="enterFirstName" time="2.194" classname="testscripts.TC_06_EnterFirstNameWithSpaces"/>
  <system-out/>
</testsuite> <!-- testscripts.TC_06_EnterFirstNameWithSpaces -->
