<?xml version="1.0" encoding="UTF-8"?>
<!-- Generated by org.testng.reporters.JUnitReportReporter -->
<testsuite skipped="0" hostname="TYSS-Prem" name="testscripts.TC_02_EnterFirstName" tests="1" failures="0" timestamp="2021-12-10T17:08:34 IST" time="2.074" errors="0">
  <testcase name="enterFirstName" time="2.074" classname="testscripts.TC_02_EnterFirstName"/>
  <system-out/>
</testsuite> <!-- testscripts.TC_02_EnterFirstName -->
